Determining if the function crc32c_value exists in the crc32c failed with the following output:
Change Dir: /home/pi/Workspace/BlockChain/Projects/Chesscoin-Dev-raspberry/src/leveldb/CMakeFiles/CMakeTmp

Run Build Command(s):/usr/bin/gmake cmTC_58b54/fast && /usr/bin/gmake  -f CMakeFiles/cmTC_58b54.dir/build.make CMakeFiles/cmTC_58b54.dir/build
gmake[1]: Entering directory '/home/pi/Workspace/BlockChain/Projects/Chesscoin-Dev-raspberry/src/leveldb/CMakeFiles/CMakeTmp'
Building C object CMakeFiles/cmTC_58b54.dir/CheckFunctionExists.c.o
/usr/bin/cc   -DCHECK_FUNCTION_EXISTS=crc32c_value -std=c11 -o CMakeFiles/cmTC_58b54.dir/CheckFunctionExists.c.o -c /usr/share/cmake-3.18/Modules/CheckFunctionExists.c
Linking C executable cmTC_58b54
/usr/bin/cmake -E cmake_link_script CMakeFiles/cmTC_58b54.dir/link.txt --verbose=1
/usr/bin/cc  -DCHECK_FUNCTION_EXISTS=crc32c_value CMakeFiles/cmTC_58b54.dir/CheckFunctionExists.c.o -o cmTC_58b54  -lcrc32c 
/usr/bin/ld: cannot find -lcrc32c
collect2: error: ld returned 1 exit status
gmake[1]: *** [CMakeFiles/cmTC_58b54.dir/build.make:106: cmTC_58b54] Error 1
gmake[1]: Leaving directory '/home/pi/Workspace/BlockChain/Projects/Chesscoin-Dev-raspberry/src/leveldb/CMakeFiles/CMakeTmp'
gmake: *** [Makefile:140: cmTC_58b54/fast] Error 2



Determining if the function malloc exists in the tcmalloc failed with the following output:
Change Dir: /home/pi/Workspace/BlockChain/Projects/Chesscoin-Dev-raspberry/src/leveldb/CMakeFiles/CMakeTmp

Run Build Command(s):/usr/bin/gmake cmTC_de2d5/fast && /usr/bin/gmake  -f CMakeFiles/cmTC_de2d5.dir/build.make CMakeFiles/cmTC_de2d5.dir/build
gmake[1]: Entering directory '/home/pi/Workspace/BlockChain/Projects/Chesscoin-Dev-raspberry/src/leveldb/CMakeFiles/CMakeTmp'
Building C object CMakeFiles/cmTC_de2d5.dir/CheckFunctionExists.c.o
/usr/bin/cc   -DCHECK_FUNCTION_EXISTS=malloc -std=c11 -o CMakeFiles/cmTC_de2d5.dir/CheckFunctionExists.c.o -c /usr/share/cmake-3.18/Modules/CheckFunctionExists.c
<command-line>: warning: conflicting types for built-in function ‘malloc’; expected ‘void *(unsigned int)’ [-Wbuiltin-declaration-mismatch]
/usr/share/cmake-3.18/Modules/CheckFunctionExists.c:7:3: note: in expansion of macro ‘CHECK_FUNCTION_EXISTS’
    7 |   CHECK_FUNCTION_EXISTS(void);
      |   ^~~~~~~~~~~~~~~~~~~~~
/usr/share/cmake-3.18/Modules/CheckFunctionExists.c:1:1: note: ‘malloc’ is declared in header ‘<stdlib.h>’
  +++ |+#include <stdlib.h>
    1 | #ifdef CHECK_FUNCTION_EXISTS
Linking C executable cmTC_de2d5
/usr/bin/cmake -E cmake_link_script CMakeFiles/cmTC_de2d5.dir/link.txt --verbose=1
/usr/bin/cc  -DCHECK_FUNCTION_EXISTS=malloc CMakeFiles/cmTC_de2d5.dir/CheckFunctionExists.c.o -o cmTC_de2d5  -ltcmalloc 
/usr/bin/ld: cannot find -ltcmalloc
collect2: error: ld returned 1 exit status
gmake[1]: *** [CMakeFiles/cmTC_de2d5.dir/build.make:106: cmTC_de2d5] Error 1
gmake[1]: Leaving directory '/home/pi/Workspace/BlockChain/Projects/Chesscoin-Dev-raspberry/src/leveldb/CMakeFiles/CMakeTmp'
gmake: *** [Makefile:140: cmTC_de2d5/fast] Error 2



Determining if the F_FULLFSYNC exist failed with the following output:
Change Dir: /home/pi/Workspace/BlockChain/Projects/Chesscoin-Dev-raspberry/src/leveldb/CMakeFiles/CMakeTmp

Run Build Command(s):/usr/bin/gmake cmTC_b6f66/fast && /usr/bin/gmake  -f CMakeFiles/cmTC_b6f66.dir/build.make CMakeFiles/cmTC_b6f66.dir/build
gmake[1]: Entering directory '/home/pi/Workspace/BlockChain/Projects/Chesscoin-Dev-raspberry/src/leveldb/CMakeFiles/CMakeTmp'
Building CXX object CMakeFiles/cmTC_b6f66.dir/CheckSymbolExists.cxx.o
/usr/bin/c++   -std=c++11 -o CMakeFiles/cmTC_b6f66.dir/CheckSymbolExists.cxx.o -c /home/pi/Workspace/BlockChain/Projects/Chesscoin-Dev-raspberry/src/leveldb/CMakeFiles/CMakeTmp/CheckSymbolExists.cxx
/home/pi/Workspace/BlockChain/Projects/Chesscoin-Dev-raspberry/src/leveldb/CMakeFiles/CMakeTmp/CheckSymbolExists.cxx: In function ‘int main(int, char**)’:
/home/pi/Workspace/BlockChain/Projects/Chesscoin-Dev-raspberry/src/leveldb/CMakeFiles/CMakeTmp/CheckSymbolExists.cxx:8:19: error: ‘F_FULLFSYNC’ was not declared in this scope
    8 |   return ((int*)(&F_FULLFSYNC))[argc];
      |                   ^~~~~~~~~~~
gmake[1]: *** [CMakeFiles/cmTC_b6f66.dir/build.make:85: CMakeFiles/cmTC_b6f66.dir/CheckSymbolExists.cxx.o] Error 1
gmake[1]: Leaving directory '/home/pi/Workspace/BlockChain/Projects/Chesscoin-Dev-raspberry/src/leveldb/CMakeFiles/CMakeTmp'
gmake: *** [Makefile:140: cmTC_b6f66/fast] Error 2


File /home/pi/Workspace/BlockChain/Projects/Chesscoin-Dev-raspberry/src/leveldb/CMakeFiles/CMakeTmp/CheckSymbolExists.cxx:
/* */
#include <fcntl.h>

int main(int argc, char** argv)
{
  (void)argv;
#ifndef F_FULLFSYNC
  return ((int*)(&F_FULLFSYNC))[argc];
#else
  (void)argc;
  return 0;
#endif
}
Performing C++ SOURCE FILE Test HAVE_CLANG_THREAD_SAFETY failed with the following output:
Change Dir: /home/pi/Workspace/BlockChain/Projects/Chesscoin-Dev-raspberry/src/leveldb/CMakeFiles/CMakeTmp

Run Build Command(s):/usr/bin/gmake cmTC_ffda6/fast && /usr/bin/gmake  -f CMakeFiles/cmTC_ffda6.dir/build.make CMakeFiles/cmTC_ffda6.dir/build
gmake[1]: Entering directory '/home/pi/Workspace/BlockChain/Projects/Chesscoin-Dev-raspberry/src/leveldb/CMakeFiles/CMakeTmp'
Building CXX object CMakeFiles/cmTC_ffda6.dir/src.cxx.o
/usr/bin/c++   -DHAVE_CLANG_THREAD_SAFETY -Werror -std=c++11 -o CMakeFiles/cmTC_ffda6.dir/src.cxx.o -c /home/pi/Workspace/BlockChain/Projects/Chesscoin-Dev-raspberry/src/leveldb/CMakeFiles/CMakeTmp/src.cxx
/home/pi/Workspace/BlockChain/Projects/Chesscoin-Dev-raspberry/src/leveldb/CMakeFiles/CMakeTmp/src.cxx:2:34: error: ‘lockable’ attribute directive ignored [-Werror=attributes]
    2 | struct __attribute__((lockable)) Lock {
      |                                  ^~~~
/home/pi/Workspace/BlockChain/Projects/Chesscoin-Dev-raspberry/src/leveldb/CMakeFiles/CMakeTmp/src.cxx:3:59: error: ‘exclusive_lock_function’ attribute directive ignored [-Werror=attributes]
    3 |   void Acquire() __attribute__((exclusive_lock_function()));
      |                                                           ^
/home/pi/Workspace/BlockChain/Projects/Chesscoin-Dev-raspberry/src/leveldb/CMakeFiles/CMakeTmp/src.cxx:4:51: error: ‘unlock_function’ attribute directive ignored [-Werror=attributes]
    4 |   void Release() __attribute__((unlock_function()));
      |                                                   ^
/home/pi/Workspace/BlockChain/Projects/Chesscoin-Dev-raspberry/src/leveldb/CMakeFiles/CMakeTmp/src.cxx:8:46: error: ‘guarded_by’ attribute directive ignored [-Werror=attributes]
    8 |   int data_ __attribute__((guarded_by(lock_)));
      |                                              ^
cc1plus: all warnings being treated as errors
gmake[1]: *** [CMakeFiles/cmTC_ffda6.dir/build.make:85: CMakeFiles/cmTC_ffda6.dir/src.cxx.o] Error 1
gmake[1]: Leaving directory '/home/pi/Workspace/BlockChain/Projects/Chesscoin-Dev-raspberry/src/leveldb/CMakeFiles/CMakeTmp'
gmake: *** [Makefile:140: cmTC_ffda6/fast] Error 2


Source file was:

struct __attribute__((lockable)) Lock {
  void Acquire() __attribute__((exclusive_lock_function()));
  void Release() __attribute__((unlock_function()));
};
struct ThreadSafeType {
  Lock lock_;
  int data_ __attribute__((guarded_by(lock_)));
};
int main() { return 0; }

Performing C SOURCE FILE Test CMAKE_HAVE_LIBC_PTHREAD failed with the following output:
Change Dir: /home/pi/Workspace/BlockChain/Projects/Chesscoin-Dev-raspberry/src/leveldb/CMakeFiles/CMakeTmp

Run Build Command(s):/usr/bin/gmake cmTC_5de09/fast && /usr/bin/gmake  -f CMakeFiles/cmTC_5de09.dir/build.make CMakeFiles/cmTC_5de09.dir/build
gmake[1]: Entering directory '/home/pi/Workspace/BlockChain/Projects/Chesscoin-Dev-raspberry/src/leveldb/CMakeFiles/CMakeTmp'
Building C object CMakeFiles/cmTC_5de09.dir/src.c.o
/usr/bin/cc   -DCMAKE_HAVE_LIBC_PTHREAD -std=c11 -o CMakeFiles/cmTC_5de09.dir/src.c.o -c /home/pi/Workspace/BlockChain/Projects/Chesscoin-Dev-raspberry/src/leveldb/CMakeFiles/CMakeTmp/src.c
Linking C executable cmTC_5de09
/usr/bin/cmake -E cmake_link_script CMakeFiles/cmTC_5de09.dir/link.txt --verbose=1
/usr/bin/cc  -DCMAKE_HAVE_LIBC_PTHREAD CMakeFiles/cmTC_5de09.dir/src.c.o -o cmTC_5de09 
/usr/bin/ld: CMakeFiles/cmTC_5de09.dir/src.c.o: in function `main':
src.c:(.text+0x40): undefined reference to `pthread_create'
/usr/bin/ld: src.c:(.text+0x4c): undefined reference to `pthread_detach'
/usr/bin/ld: src.c:(.text+0x58): undefined reference to `pthread_cancel'
/usr/bin/ld: src.c:(.text+0x68): undefined reference to `pthread_join'
collect2: error: ld returned 1 exit status
gmake[1]: *** [CMakeFiles/cmTC_5de09.dir/build.make:106: cmTC_5de09] Error 1
gmake[1]: Leaving directory '/home/pi/Workspace/BlockChain/Projects/Chesscoin-Dev-raspberry/src/leveldb/CMakeFiles/CMakeTmp'
gmake: *** [Makefile:140: cmTC_5de09/fast] Error 2


Source file was:
#include <pthread.h>

void* test_func(void* data)
{
  return data;
}

int main(void)
{
  pthread_t thread;
  pthread_create(&thread, NULL, test_func, NULL);
  pthread_detach(thread);
  pthread_cancel(thread);
  pthread_join(thread, NULL);
  pthread_atfork(NULL, NULL, NULL);
  pthread_exit(NULL);

  return 0;
}

Determining if the function pthread_create exists in the pthreads failed with the following output:
Change Dir: /home/pi/Workspace/BlockChain/Projects/Chesscoin-Dev-raspberry/src/leveldb/CMakeFiles/CMakeTmp

Run Build Command(s):/usr/bin/gmake cmTC_44ba8/fast && /usr/bin/gmake  -f CMakeFiles/cmTC_44ba8.dir/build.make CMakeFiles/cmTC_44ba8.dir/build
gmake[1]: Entering directory '/home/pi/Workspace/BlockChain/Projects/Chesscoin-Dev-raspberry/src/leveldb/CMakeFiles/CMakeTmp'
Building C object CMakeFiles/cmTC_44ba8.dir/CheckFunctionExists.c.o
/usr/bin/cc   -DCHECK_FUNCTION_EXISTS=pthread_create -std=c11 -o CMakeFiles/cmTC_44ba8.dir/CheckFunctionExists.c.o -c /usr/share/cmake-3.18/Modules/CheckFunctionExists.c
Linking C executable cmTC_44ba8
/usr/bin/cmake -E cmake_link_script CMakeFiles/cmTC_44ba8.dir/link.txt --verbose=1
/usr/bin/cc  -DCHECK_FUNCTION_EXISTS=pthread_create CMakeFiles/cmTC_44ba8.dir/CheckFunctionExists.c.o -o cmTC_44ba8  -lpthreads 
/usr/bin/ld: cannot find -lpthreads
collect2: error: ld returned 1 exit status
gmake[1]: *** [CMakeFiles/cmTC_44ba8.dir/build.make:106: cmTC_44ba8] Error 1
gmake[1]: Leaving directory '/home/pi/Workspace/BlockChain/Projects/Chesscoin-Dev-raspberry/src/leveldb/CMakeFiles/CMakeTmp'
gmake: *** [Makefile:140: cmTC_44ba8/fast] Error 2



Performing C++ SOURCE FILE Test HAVE_KYOTOCABINET failed with the following output:
Change Dir: /home/pi/Workspace/BlockChain/Projects/Chesscoin-Dev-raspberry/src/leveldb/CMakeFiles/CMakeTmp

Run Build Command(s):/usr/bin/gmake cmTC_6b9a2/fast && /usr/bin/gmake  -f CMakeFiles/cmTC_6b9a2.dir/build.make CMakeFiles/cmTC_6b9a2.dir/build
gmake[1]: Entering directory '/home/pi/Workspace/BlockChain/Projects/Chesscoin-Dev-raspberry/src/leveldb/CMakeFiles/CMakeTmp'
Building CXX object CMakeFiles/cmTC_6b9a2.dir/src.cxx.o
/usr/bin/c++   -DHAVE_KYOTOCABINET -std=c++11 -o CMakeFiles/cmTC_6b9a2.dir/src.cxx.o -c /home/pi/Workspace/BlockChain/Projects/Chesscoin-Dev-raspberry/src/leveldb/CMakeFiles/CMakeTmp/src.cxx
/home/pi/Workspace/BlockChain/Projects/Chesscoin-Dev-raspberry/src/leveldb/CMakeFiles/CMakeTmp/src.cxx:2:10: fatal error: kcpolydb.h: No such file or directory
    2 | #include <kcpolydb.h>
      |          ^~~~~~~~~~~~
compilation terminated.
gmake[1]: *** [CMakeFiles/cmTC_6b9a2.dir/build.make:85: CMakeFiles/cmTC_6b9a2.dir/src.cxx.o] Error 1
gmake[1]: Leaving directory '/home/pi/Workspace/BlockChain/Projects/Chesscoin-Dev-raspberry/src/leveldb/CMakeFiles/CMakeTmp'
gmake: *** [Makefile:140: cmTC_6b9a2/fast] Error 2


Source file was:

#include <kcpolydb.h>

int main() {
  kyotocabinet::TreeDB* db = new kyotocabinet::TreeDB();
  delete db;
  return 0;
}
  
